#
# There is insufficient memory for the Java Runtime Environment to continue.
# Native memory allocation (malloc) failed to allocate 44720 bytes for Chunk::new
# Possible reasons:
#   The system is out of physical RAM or swap space
#   The process is running with CompressedOops enabled, and the Java Heap may be blocking the growth of the native heap
# Possible solutions:
#   Reduce memory load on the system
#   Increase physical memory or swap space
#   Check if swap backing store is full
#   Decrease Java heap size (-Xmx/-Xms)
#   Decrease number of Java threads
#   Decrease Java thread stack sizes (-Xss)
#   Set larger code cache with -XX:ReservedCodeCacheSize=
#   JVM is running with Unscaled Compressed Oops mode in which the Java heap is
#     placed in the first 4GB address space. The Java Heap base address is the
#     maximum limit for the native heap growth. Please use -XX:HeapBaseMinAddress
#     to set the Java Heap base and to place the Java Heap above 4GB virtual address.
# This output file may be truncated or incomplete.
#
#  Out of Memory Error (arena.cpp:184), pid=3032, tid=13084
#
# JRE version: OpenJDK Runtime Environment (19.0+36) (build 19+36-2238)
# Java VM: OpenJDK 64-Bit Server VM (19+36-2238, mixed mode, sharing, tiered, compressed oops, compressed class ptrs, g1 gc, windows-amd64)
# No core dump will be written. Minidumps are not enabled by default on client versions of Windows
#

---------------  S U M M A R Y ------------

Command Line: -ea -Didea.test.cyclic.buffer.size=1048576 -javaagent:D:\IntelliJ IDEA Community Edition 2022.2.3\lib\idea_rt.jar=53749:D:\IntelliJ IDEA Community Edition 2022.2.3\bin -Dfile.encoding=UTF-8 -Dsun.stdout.encoding=UTF-8 -Dsun.stderr.encoding=UTF-8 com.intellij.rt.junit.JUnitStarter -ideVersion5 -junit5 MathUtilTest,test1

Host: Intel(R) Core(TM) i5-5350U CPU @ 1.80GHz, 4 cores, 7G,  Windows 10 , 64 bit Build 19041 (10.0.19041.1889)
Time: Wed Oct 12 02:30:44 2022 Pacific Daylight Time elapsed time: 0.522729 seconds (0d 0h 0m 0s)

---------------  T H R E A D  ---------------

Current thread (0x00000209a0660c70):  JavaThread "C2 CompilerThread0" daemon [_thread_in_native, id=13084, stack(0x000000543ca00000,0x000000543cb00000)]


Current CompileTask:
C2:    522  278 %     4       java.lang.StringLatin1::indexOfChar @ 7 (33 bytes)

Stack: [0x000000543ca00000,0x000000543cb00000]
Native frames: (J=compiled Java code, j=interpreted, Vv=VM code, C=native code)
V  [jvm.dll+0x6ee8fa]
V  [jvm.dll+0x857a1e]
V  [jvm.dll+0x85940e]
V  [jvm.dll+0x859ac3]
V  [jvm.dll+0x28291f]
V  [jvm.dll+0xc9b5f]
V  [jvm.dll+0xc9ee5]
V  [jvm.dll+0x3bcbac]
V  [jvm.dll+0x386201]
V  [jvm.dll+0x38567a]
V  [jvm.dll+0x24c2c9]
V  [jvm.dll+0x24b671]
V  [jvm.dll+0x1d6d61]
V  [jvm.dll+0x25b0fa]
V  [jvm.dll+0x259588]
V  [jvm.dll+0x807928]
V  [jvm.dll+0x8015fa]
V  [jvm.dll+0x6ed5eb]
C  [ucrtbase.dll+0x21bb2]
C  [KERNEL32.DLL+0x17034]
C  [ntdll.dll+0x526a1]


---------------  P R O C E S S  ---------------

Threads class SMR info:
_java_thread_list=0x00000209a49dbf30, length=13, elements={
0x00000209828120f0, 0x00000209a06578b0, 0x00000209a06586a0, 0x00000209a065a1e0,
0x00000209a065cb20, 0x00000209a065d450, 0x00000209a065fd90, 0x00000209a0660c70,
0x00000209a0666d90, 0x00000209a067fff0, 0x00000209a0627da0, 0x00000209a49dd370,
0x00000209a49dd8b0
}

Java Threads: ( => current thread )
  0x00000209828120f0 JavaThread "main" [_thread_in_native, id=9400, stack(0x000000543bd00000,0x000000543be00000)]
  0x00000209a06578b0 JavaThread "Reference Handler" daemon [_thread_blocked, id=11176, stack(0x000000543c400000,0x000000543c500000)]
  0x00000209a06586a0 JavaThread "Finalizer" daemon [_thread_blocked, id=7896, stack(0x000000543c500000,0x000000543c600000)]
  0x00000209a065a1e0 JavaThread "Signal Dispatcher" daemon [_thread_blocked, id=10688, stack(0x000000543c600000,0x000000543c700000)]
  0x00000209a065cb20 JavaThread "Attach Listener" daemon [_thread_blocked, id=12308, stack(0x000000543c700000,0x000000543c800000)]
  0x00000209a065d450 JavaThread "Service Thread" daemon [_thread_blocked, id=7636, stack(0x000000543c800000,0x000000543c900000)]
  0x00000209a065fd90 JavaThread "Monitor Deflation Thread" daemon [_thread_blocked, id=4660, stack(0x000000543c900000,0x000000543ca00000)]
=>0x00000209a0660c70 JavaThread "C2 CompilerThread0" daemon [_thread_in_native, id=13084, stack(0x000000543ca00000,0x000000543cb00000)]
  0x00000209a0666d90 JavaThread "C1 CompilerThread0" daemon [_thread_blocked, id=1808, stack(0x000000543cb00000,0x000000543cc00000)]
  0x00000209a067fff0 JavaThread "Sweeper thread" daemon [_thread_blocked, id=13584, stack(0x000000543cc00000,0x000000543cd00000)]
  0x00000209a0627da0 JavaThread "Common-Cleaner" daemon [_thread_blocked, id=268, stack(0x000000543cd00000,0x000000543ce00000)]
  0x00000209a49dd370 JavaThread "Monitor Ctrl-Break" daemon [_thread_in_native, id=5488, stack(0x000000543ce00000,0x000000543cf00000)]
  0x00000209a49dd8b0 JavaThread "Notification Thread" daemon [_thread_blocked, id=968, stack(0x000000543cf00000,0x000000543d000000)]

Other Threads:
  0x00000209a0637290 VMThread "VM Thread" [stack: 0x000000543c300000,0x000000543c400000] [id=7748]
  0x00000209a49da3d0 WatcherThread "VM Periodic Task Thread" [stack: 0x000000543d000000,0x000000543d100000] [id=11068]
  0x0000020982870df0 WorkerThread "GC Thread#0" [stack: 0x000000543be00000,0x000000543bf00000] [id=5492]
  0x0000020982881a50 ConcurrentGCThread "G1 Main Marker" [stack: 0x000000543bf00000,0x000000543c000000] [id=5704]
  0x0000020982883630 WorkerThread "G1 Conc#0" [stack: 0x000000543c000000,0x000000543c100000] [id=7460]
  0x00000209828ddd90 ConcurrentGCThread "G1 Refine#0" [stack: 0x000000543c100000,0x000000543c200000] [id=9732]
  0x00000209828de8d0 ConcurrentGCThread "G1 Service" [stack: 0x000000543c200000,0x000000543c300000] [id=14048]

Threads with active compile tasks:
C2 CompilerThread0      561  278 %     4       java.lang.StringLatin1::indexOfChar @ 7 (33 bytes)

VM state: not at safepoint (normal execution)

VM Mutex/Monitor currently owned by a thread: None

Heap address: 0x0000000081800000, size: 2024 MB, Compressed Oops mode: 32-bit

CDS archive(s) mapped at: [0x0000000800000000-0x0000000800c40000-0x0000000800c40000), size 12845056, SharedBaseAddress: 0x0000000800000000, ArchiveRelocationMode: 0.
Compressed class space mapped at: 0x0000000801000000-0x0000000841000000, reserved size: 1073741824
Narrow klass base: 0x0000000800000000, Narrow klass shift: 0, Narrow klass range: 0x100000000

GC Precious Log:
 CardTable entry size: 512
 Card Set container configuration: InlinePtr #cards 5 size 8 Array Of Cards #cards 12 size 40 Howl #buckets 4 coarsen threshold 1843 Howl Bitmap #cards 512 size 80 coarsen threshold 460 Card regions per heap region 1 cards per card region 2048
 CPUs: 4 total, 4 available
 Memory: 8094M
 Large Page Support: Disabled
 NUMA Support: Disabled
 Compressed Oops: Enabled (32-bit)
 Heap Region Size: 1M
 Heap Min Capacity: 8M
 Heap Initial Capacity: 128M
 Heap Max Capacity: 2024M
 Pre-touch: Disabled
 Parallel Workers: 4
 Concurrent Workers: 1
 Concurrent Refinement Workers: 4
 Periodic GC: Disabled

Heap:
 garbage-first heap   total 131072K, used 3072K [0x0000000081800000, 0x0000000100000000)
  region size 1024K, 4 young (4096K), 0 survivors (0K)
 Metaspace       used 799K, committed 960K, reserved 1114112K
  class space    used 58K, committed 128K, reserved 1048576K

Heap Regions: E=young(eden), S=young(survivor), O=old, HS=humongous(starts), HC=humongous(continues), CS=collection set, F=free, OA=open archive, CA=closed archive, TAMS=top-at-mark-start (previous, next)
|   0|0x0000000081800000, 0x0000000081800000, 0x0000000081900000|  0%| F|  |TAMS 0x0000000081800000, 0x0000000081800000| Untracked 
|   1|0x0000000081900000, 0x0000000081900000, 0x0000000081a00000|  0%| F|  |TAMS 0x0000000081900000, 0x0000000081900000| Untracked 
|   2|0x0000000081a00000, 0x0000000081a00000, 0x0000000081b00000|  0%| F|  |TAMS 0x0000000081a00000, 0x0000000081a00000| Untracked 
|   3|0x0000000081b00000, 0x0000000081b00000, 0x0000000081c00000|  0%| F|  |TAMS 0x0000000081b00000, 0x0000000081b00000| Untracked 
|   4|0x0000000081c00000, 0x0000000081c00000, 0x0000000081d00000|  0%| F|  |TAMS 0x0000000081c00000, 0x0000000081c00000| Untracked 
|   5|0x0000000081d00000, 0x0000000081d00000, 0x0000000081e00000|  0%| F|  |TAMS 0x0000000081d00000, 0x0000000081d00000| Untracked 
|   6|0x0000000081e00000, 0x0000000081e00000, 0x0000000081f00000|  0%| F|  |TAMS 0x0000000081e00000, 0x0000000081e00000| Untracked 
|   7|0x0000000081f00000, 0x0000000081f00000, 0x0000000082000000|  0%| F|  |TAMS 0x0000000081f00000, 0x0000000081f00000| Untracked 
|   8|0x0000000082000000, 0x0000000082000000, 0x0000000082100000|  0%| F|  |TAMS 0x0000000082000000, 0x0000000082000000| Untracked 
|   9|0x0000000082100000, 0x0000000082100000, 0x0000000082200000|  0%| F|  |TAMS 0x0000000082100000, 0x0000000082100000| Untracked 
|  10|0x0000000082200000, 0x0000000082200000, 0x0000000082300000|  0%| F|  |TAMS 0x0000000082200000, 0x0000000082200000| Untracked 
|  11|0x0000000082300000, 0x0000000082300000, 0x0000000082400000|  0%| F|  |TAMS 0x0000000082300000, 0x0000000082300000| Untracked 
|  12|0x0000000082400000, 0x0000000082400000, 0x0000000082500000|  0%| F|  |TAMS 0x0000000082400000, 0x0000000082400000| Untracked 
|  13|0x0000000082500000, 0x0000000082500000, 0x0000000082600000|  0%| F|  |TAMS 0x0000000082500000, 0x0000000082500000| Untracked 
|  14|0x0000000082600000, 0x0000000082600000, 0x0000000082700000|  0%| F|  |TAMS 0x0000000082600000, 0x0000000082600000| Untracked 
|  15|0x0000000082700000, 0x0000000082700000, 0x0000000082800000|  0%| F|  |TAMS 0x0000000082700000, 0x0000000082700000| Untracked 
|  16|0x0000000082800000, 0x0000000082800000, 0x0000000082900000|  0%| F|  |TAMS 0x0000000082800000, 0x0000000082800000| Untracked 
|  17|0x0000000082900000, 0x0000000082900000, 0x0000000082a00000|  0%| F|  |TAMS 0x0000000082900000, 0x0000000082900000| Untracked 
|  18|0x0000000082a00000, 0x0000000082a00000, 0x0000000082b00000|  0%| F|  |TAMS 0x0000000082a00000, 0x0000000082a00000| Untracked 
|  19|0x0000000082b00000, 0x0000000082b00000, 0x0000000082c00000|  0%| F|  |TAMS 0x0000000082b00000, 0x0000000082b00000| Untracked 
|  20|0x0000000082c00000, 0x0000000082c00000, 0x0000000082d00000|  0%| F|  |TAMS 0x0000000082c00000, 0x0000000082c00000| Untracked 
|  21|0x0000000082d00000, 0x0000000082d00000, 0x0000000082e00000|  0%| F|  |TAMS 0x0000000082d00000, 0x0000000082d00000| Untracked 
|  22|0x0000000082e00000, 0x0000000082e00000, 0x0000000082f00000|  0%| F|  |TAMS 0x0000000082e00000, 0x0000000082e00000| Untracked 
|  23|0x0000000082f00000, 0x0000000082f00000, 0x0000000083000000|  0%| F|  |TAMS 0x0000000082f00000, 0x0000000082f00000| Untracked 
|  24|0x0000000083000000, 0x0000000083000000, 0x0000000083100000|  0%| F|  |TAMS 0x0000000083000000, 0x0000000083000000| Untracked 
|  25|0x0000000083100000, 0x0000000083100000, 0x0000000083200000|  0%| F|  |TAMS 0x0000000083100000, 0x0000000083100000| Untracked 
|  26|0x0000000083200000, 0x0000000083200000, 0x0000000083300000|  0%| F|  |TAMS 0x0000000083200000, 0x0000000083200000| Untracked 
|  27|0x0000000083300000, 0x0000000083300000, 0x0000000083400000|  0%| F|  |TAMS 0x0000000083300000, 0x0000000083300000| Untracked 
|  28|0x0000000083400000, 0x0000000083400000, 0x0000000083500000|  0%| F|  |TAMS 0x0000000083400000, 0x0000000083400000| Untracked 
|  29|0x0000000083500000, 0x0000000083500000, 0x0000000083600000|  0%| F|  |TAMS 0x0000000083500000, 0x0000000083500000| Untracked 
|  30|0x0000000083600000, 0x0000000083600000, 0x0000000083700000|  0%| F|  |TAMS 0x0000000083600000, 0x0000000083600000| Untracked 
|  31|0x0000000083700000, 0x0000000083700000, 0x0000000083800000|  0%| F|  |TAMS 0x0000000083700000, 0x0000000083700000| Untracked 
|  32|0x0000000083800000, 0x0000000083800000, 0x0000000083900000|  0%| F|  |TAMS 0x0000000083800000, 0x0000000083800000| Untracked 
|  33|0x0000000083900000, 0x0000000083900000, 0x0000000083a00000|  0%| F|  |TAMS 0x0000000083900000, 0x0000000083900000| Untracked 
|  34|0x0000000083a00000, 0x0000000083a00000, 0x0000000083b00000|  0%| F|  |TAMS 0x0000000083a00000, 0x0000000083a00000| Untracked 
|  35|0x0000000083b00000, 0x0000000083b00000, 0x0000000083c00000|  0%| F|  |TAMS 0x0000000083b00000, 0x0000000083b00000| Untracked 
|  36|0x0000000083c00000, 0x0000000083c00000, 0x0000000083d00000|  0%| F|  |TAMS 0x0000000083c00000, 0x0000000083c00000| Untracked 
|  37|0x0000000083d00000, 0x0000000083d00000, 0x0000000083e00000|  0%| F|  |TAMS 0x0000000083d00000, 0x0000000083d00000| Untracked 
|  38|0x0000000083e00000, 0x0000000083e00000, 0x0000000083f00000|  0%| F|  |TAMS 0x0000000083e00000, 0x0000000083e00000| Untracked 
|  39|0x0000000083f00000, 0x0000000083f00000, 0x0000000084000000|  0%| F|  |TAMS 0x0000000083f00000, 0x0000000083f00000| Untracked 
|  40|0x0000000084000000, 0x0000000084000000, 0x0000000084100000|  0%| F|  |TAMS 0x0000000084000000, 0x0000000084000000| Untracked 
|  41|0x0000000084100000, 0x0000000084100000, 0x0000000084200000|  0%| F|  |TAMS 0x0000000084100000, 0x0000000084100000| Untracked 
|  42|0x0000000084200000, 0x0000000084200000, 0x0000000084300000|  0%| F|  |TAMS 0x0000000084200000, 0x0000000084200000| Untracked 
|  43|0x0000000084300000, 0x0000000084300000, 0x0000000084400000|  0%| F|  |TAMS 0x0000000084300000, 0x0000000084300000| Untracked 
|  44|0x0000000084400000, 0x0000000084400000, 0x0000000084500000|  0%| F|  |TAMS 0x0000000084400000, 0x0000000084400000| Untracked 
|  45|0x0000000084500000, 0x0000000084500000, 0x0000000084600000|  0%| F|  |TAMS 0x0000000084500000, 0x0000000084500000| Untracked 
|  46|0x0000000084600000, 0x0000000084600000, 0x0000000084700000|  0%| F|  |TAMS 0x0000000084600000, 0x0000000084600000| Untracked 
|  47|0x0000000084700000, 0x0000000084700000, 0x0000000084800000|  0%| F|  |TAMS 0x0000000084700000, 0x0000000084700000| Untracked 
|  48|0x0000000084800000, 0x0000000084800000, 0x0000000084900000|  0%| F|  |TAMS 0x0000000084800000, 0x0000000084800000| Untracked 
|  49|0x0000000084900000, 0x0000000084900000, 0x0000000084a00000|  0%| F|  |TAMS 0x0000000084900000, 0x0000000084900000| Untracked 
|  50|0x0000000084a00000, 0x0000000084a00000, 0x0000000084b00000|  0%| F|  |TAMS 0x0000000084a00000, 0x0000000084a00000| Untracked 
|  51|0x0000000084b00000, 0x0000000084b00000, 0x0000000084c00000|  0%| F|  |TAMS 0x0000000084b00000, 0x0000000084b00000| Untracked 
|  52|0x0000000084c00000, 0x0000000084c00000, 0x0000000084d00000|  0%| F|  |TAMS 0x0000000084c00000, 0x0000000084c00000| Untracked 
|  53|0x0000000084d00000, 0x0000000084d00000, 0x0000000084e00000|  0%| F|  |TAMS 0x0000000084d00000, 0x0000000084d00000| Untracked 
|  54|0x0000000084e00000, 0x0000000084e00000, 0x0000000084f00000|  0%| F|  |TAMS 0x0000000084e00000, 0x0000000084e00000| Untracked 
|  55|0x0000000084f00000, 0x0000000084f00000, 0x0000000085000000|  0%| F|  |TAMS 0x0000000084f00000, 0x0000000084f00000| Untracked 
|  56|0x0000000085000000, 0x0000000085000000, 0x0000000085100000|  0%| F|  |TAMS 0x0000000085000000, 0x0000000085000000| Untracked 
|  57|0x0000000085100000, 0x0000000085100000, 0x0000000085200000|  0%| F|  |TAMS 0x0000000085100000, 0x0000000085100000| Untracked 
|  58|0x0000000085200000, 0x0000000085200000, 0x0000000085300000|  0%| F|  |TAMS 0x0000000085200000, 0x0000000085200000| Untracked 
|  59|0x0000000085300000, 0x0000000085300000, 0x0000000085400000|  0%| F|  |TAMS 0x0000000085300000, 0x0000000085300000| Untracked 
|  60|0x0000000085400000, 0x0000000085400000, 0x0000000085500000|  0%| F|  |TAMS 0x0000000085400000, 0x0000000085400000| Untracked 
|  61|0x0000000085500000, 0x0000000085500000, 0x0000000085600000|  0%| F|  |TAMS 0x0000000085500000, 0x0000000085500000| Untracked 
|  62|0x0000000085600000, 0x0000000085600000, 0x0000000085700000|  0%| F|  |TAMS 0x0000000085600000, 0x0000000085600000| Untracked 
|  63|0x0000000085700000, 0x0000000085700000, 0x0000000085800000|  0%| F|  |TAMS 0x0000000085700000, 0x0000000085700000| Untracked 
|  64|0x0000000085800000, 0x0000000085800000, 0x0000000085900000|  0%| F|  |TAMS 0x0000000085800000, 0x0000000085800000| Untracked 
|  65|0x0000000085900000, 0x0000000085900000, 0x0000000085a00000|  0%| F|  |TAMS 0x0000000085900000, 0x0000000085900000| Untracked 
|  66|0x0000000085a00000, 0x0000000085a00000, 0x0000000085b00000|  0%| F|  |TAMS 0x0000000085a00000, 0x0000000085a00000| Untracked 
|  67|0x0000000085b00000, 0x0000000085b00000, 0x0000000085c00000|  0%| F|  |TAMS 0x0000000085b00000, 0x0000000085b00000| Untracked 
|  68|0x0000000085c00000, 0x0000000085c00000, 0x0000000085d00000|  0%| F|  |TAMS 0x0000000085c00000, 0x0000000085c00000| Untracked 
|  69|0x0000000085d00000, 0x0000000085d00000, 0x0000000085e00000|  0%| F|  |TAMS 0x0000000085d00000, 0x0000000085d00000| Untracked 
|  70|0x0000000085e00000, 0x0000000085e00000, 0x0000000085f00000|  0%| F|  |TAMS 0x0000000085e00000, 0x0000000085e00000| Untracked 
|  71|0x0000000085f00000, 0x0000000085f00000, 0x0000000086000000|  0%| F|  |TAMS 0x0000000085f00000, 0x0000000085f00000| Untracked 
|  72|0x0000000086000000, 0x0000000086000000, 0x0000000086100000|  0%| F|  |TAMS 0x0000000086000000, 0x0000000086000000| Untracked 
|  73|0x0000000086100000, 0x0000000086100000, 0x0000000086200000|  0%| F|  |TAMS 0x0000000086100000, 0x0000000086100000| Untracked 
|  74|0x0000000086200000, 0x0000000086200000, 0x0000000086300000|  0%| F|  |TAMS 0x0000000086200000, 0x0000000086200000| Untracked 
|  75|0x0000000086300000, 0x0000000086300000, 0x0000000086400000|  0%| F|  |TAMS 0x0000000086300000, 0x0000000086300000| Untracked 
|  76|0x0000000086400000, 0x0000000086400000, 0x0000000086500000|  0%| F|  |TAMS 0x0000000086400000, 0x0000000086400000| Untracked 
|  77|0x0000000086500000, 0x0000000086500000, 0x0000000086600000|  0%| F|  |TAMS 0x0000000086500000, 0x0000000086500000| Untracked 
|  78|0x0000000086600000, 0x0000000086600000, 0x0000000086700000|  0%| F|  |TAMS 0x0000000086600000, 0x0000000086600000| Untracked 
|  79|0x0000000086700000, 0x0000000086700000, 0x0000000086800000|  0%| F|  |TAMS 0x0000000086700000, 0x0000000086700000| Untracked 
|  80|0x0000000086800000, 0x0000000086800000, 0x0000000086900000|  0%| F|  |TAMS 0x0000000086800000, 0x0000000086800000| Untracked 
|  81|0x0000000086900000, 0x0000000086900000, 0x0000000086a00000|  0%| F|  |TAMS 0x0000000086900000, 0x0000000086900000| Untracked 
|  82|0x0000000086a00000, 0x0000000086a00000, 0x0000000086b00000|  0%| F|  |TAMS 0x0000000086a00000, 0x0000000086a00000| Untracked 
|  83|0x0000000086b00000, 0x0000000086b00000, 0x0000000086c00000|  0%| F|  |TAMS 0x0000000086b00000, 0x0000000086b00000| Untracked 
|  84|0x0000000086c00000, 0x0000000086c00000, 0x0000000086d00000|  0%| F|  |TAMS 0x0000000086c00000, 0x0000000086c00000| Untracked 
|  85|0x0000000086d00000, 0x0000000086d00000, 0x0000000086e00000|  0%| F|  |TAMS 0x0000000086d00000, 0x0000000086d00000| Untracked 
|  86|0x0000000086e00000, 0x0000000086e00000, 0x0000000086f00000|  0%| F|  |TAMS 0x0000000086e00000, 0x0000000086e00000| Untracked 
|  87|0x0000000086f00000, 0x0000000086f00000, 0x0000000087000000|  0%| F|  |TAMS 0x0000000086f00000, 0x0000000086f00000| Untracked 
|  88|0x0000000087000000, 0x0000000087000000, 0x0000000087100000|  0%| F|  |TAMS 0x0000000087000000, 0x0000000087000000| Untracked 
|  89|0x0000000087100000, 0x0000000087100000, 0x0000000087200000|  0%| F|  |TAMS 0x0000000087100000, 0x0000000087100000| Untracked 
|  90|0x0000000087200000, 0x0000000087200000, 0x0000000087300000|  0%| F|  |TAMS 0x0000000087200000, 0x0000000087200000| Untracked 
|  91|0x0000000087300000, 0x0000000087300000, 0x0000000087400000|  0%| F|  |TAMS 0x0000000087300000, 0x0000000087300000| Untracked 
|  92|0x0000000087400000, 0x0000000087400000, 0x0000000087500000|  0%| F|  |TAMS 0x0000000087400000, 0x0000000087400000| Untracked 
|  93|0x0000000087500000, 0x0000000087500000, 0x0000000087600000|  0%| F|  |TAMS 0x0000000087500000, 0x0000000087500000| Untracked 
|  94|0x0000000087600000, 0x0000000087600000, 0x0000000087700000|  0%| F|  |TAMS 0x0000000087600000, 0x0000000087600000| Untracked 
|  95|0x0000000087700000, 0x0000000087700000, 0x0000000087800000|  0%| F|  |TAMS 0x0000000087700000, 0x0000000087700000| Untracked 
|  96|0x0000000087800000, 0x0000000087800000, 0x0000000087900000|  0%| F|  |TAMS 0x0000000087800000, 0x0000000087800000| Untracked 
|  97|0x0000000087900000, 0x0000000087900000, 0x0000000087a00000|  0%| F|  |TAMS 0x0000000087900000, 0x0000000087900000| Untracked 
|  98|0x0000000087a00000, 0x0000000087a00000, 0x0000000087b00000|  0%| F|  |TAMS 0x0000000087a00000, 0x0000000087a00000| Untracked 
|  99|0x0000000087b00000, 0x0000000087b00000, 0x0000000087c00000|  0%| F|  |TAMS 0x0000000087b00000, 0x0000000087b00000| Untracked 
| 100|0x0000000087c00000, 0x0000000087c00000, 0x0000000087d00000|  0%| F|  |TAMS 0x0000000087c00000, 0x0000000087c00000| Untracked 
| 101|0x0000000087d00000, 0x0000000087d00000, 0x0000000087e00000|  0%| F|  |TAMS 0x0000000087d00000, 0x0000000087d00000| Untracked 
| 102|0x0000000087e00000, 0x0000000087e00000, 0x0000000087f00000|  0%| F|  |TAMS 0x0000000087e00000, 0x0000000087e00000| Untracked 
| 103|0x0000000087f00000, 0x0000000087f00000, 0x0000000088000000|  0%| F|  |TAMS 0x0000000087f00000, 0x0000000087f00000| Untracked 
| 104|0x0000000088000000, 0x0000000088000000, 0x0000000088100000|  0%| F|  |TAMS 0x0000000088000000, 0x0000000088000000| Untracked 
| 105|0x0000000088100000, 0x0000000088100000, 0x0000000088200000|  0%| F|  |TAMS 0x0000000088100000, 0x0000000088100000| Untracked 
| 106|0x0000000088200000, 0x0000000088200000, 0x0000000088300000|  0%| F|  |TAMS 0x0000000088200000, 0x0000000088200000| Untracked 
| 107|0x0000000088300000, 0x0000000088300000, 0x0000000088400000|  0%| F|  |TAMS 0x0000000088300000, 0x0000000088300000| Untracked 
| 108|0x0000000088400000, 0x0000000088400000, 0x0000000088500000|  0%| F|  |TAMS 0x0000000088400000, 0x0000000088400000| Untracked 
| 109|0x0000000088500000, 0x0000000088500000, 0x0000000088600000|  0%| F|  |TAMS 0x0000000088500000, 0x0000000088500000| Untracked 
| 110|0x0000000088600000, 0x0000000088600000, 0x0000000088700000|  0%| F|  |TAMS 0x0000000088600000, 0x0000000088600000| Untracked 
| 111|0x0000000088700000, 0x0000000088700000, 0x0000000088800000|  0%| F|  |TAMS 0x0000000088700000, 0x0000000088700000| Untracked 
| 112|0x0000000088800000, 0x0000000088800000, 0x0000000088900000|  0%| F|  |TAMS 0x0000000088800000, 0x0000000088800000| Untracked 
| 113|0x0000000088900000, 0x0000000088900000, 0x0000000088a00000|  0%| F|  |TAMS 0x0000000088900000, 0x0000000088900000| Untracked 
| 114|0x0000000088a00000, 0x0000000088a00000, 0x0000000088b00000|  0%| F|  |TAMS 0x0000000088a00000, 0x0000000088a00000| Untracked 
| 115|0x0000000088b00000, 0x0000000088b00000, 0x0000000088c00000|  0%| F|  |TAMS 0x0000000088b00000, 0x0000000088b00000| Untracked 
| 116|0x0000000088c00000, 0x0000000088c00000, 0x0000000088d00000|  0%| F|  |TAMS 0x0000000088c00000, 0x0000000088c00000| Untracked 
| 117|0x0000000088d00000, 0x0000000088d00000, 0x0000000088e00000|  0%| F|  |TAMS 0x0000000088d00000, 0x0000000088d00000| Untracked 
| 118|0x0000000088e00000, 0x0000000088e00000, 0x0000000088f00000|  0%| F|  |TAMS 0x0000000088e00000, 0x0000000088e00000| Untracked 
| 119|0x0000000088f00000, 0x0000000088f00000, 0x0000000089000000|  0%| F|  |TAMS 0x0000000088f00000, 0x0000000088f00000| Untracked 
| 120|0x0000000089000000, 0x0000000089000000, 0x0000000089100000|  0%| F|  |TAMS 0x0000000089000000, 0x0000000089000000| Untracked 
| 121|0x0000000089100000, 0x0000000089100000, 0x0000000089200000|  0%| F|  |TAMS 0x0000000089100000, 0x0000000089100000| Untracked 
| 122|0x0000000089200000, 0x0000000089200000, 0x0000000089300000|  0%| F|  |TAMS 0x0000000089200000, 0x0000000089200000| Untracked 
| 123|0x0000000089300000, 0x0000000089300000, 0x0000000089400000|  0%| F|  |TAMS 0x0000000089300000, 0x0000000089300000| Untracked 
| 124|0x0000000089400000, 0x000000008944cb88, 0x0000000089500000| 29%| E|  |TAMS 0x0000000089400000, 0x0000000089400000| Complete 
| 125|0x0000000089500000, 0x0000000089600000, 0x0000000089600000|100%| E|CS|TAMS 0x0000000089500000, 0x0000000089500000| Complete 
| 126|0x0000000089600000, 0x0000000089700000, 0x0000000089700000|100%| E|CS|TAMS 0x0000000089600000, 0x0000000089600000| Complete 
| 127|0x0000000089700000, 0x0000000089800000, 0x0000000089800000|100%| E|CS|TAMS 0x0000000089700000, 0x0000000089700000| Complete 

Card table byte_map: [0x0000020999b70000,0x0000020999f70000] _byte_map_base: 0x0000020999764000

Marking Bits (Prev, Next): (CMBitMap*) 0x0000020982871420, (CMBitMap*) 0x0000020982871460
 Prev Bits: [0x000002099a370000, 0x000002099c310000)
 Next Bits: [0x000002099c310000, 0x000002099e2b0000)

Polling page: 0x0000020980600000

Metaspace:

Usage:
  Non-class:    741.36 KB used.
      Class:     58.97 KB used.
       Both:    800.33 KB used.

Virtual space:
  Non-class space:       64.00 MB reserved,     832.00 KB (  1%) committed,  1 nodes.
      Class space:        1.00 GB reserved,     128.00 KB ( <1%) committed,  1 nodes.
             Both:        1.06 GB reserved,     960.00 KB ( <1%) committed. 

Chunk freelists:
   Non-Class:  3.94 MB
       Class:  3.73 MB
        Both:  7.67 MB

MaxMetaspaceSize: unlimited
CompressedClassSpaceSize: 1.00 GB
Initial GC threshold: 21.00 MB
Current GC threshold: 21.00 MB
CDS: on
MetaspaceReclaimPolicy: balanced
 - commit_granule_bytes: 65536.
 - commit_granule_words: 8192.
 - virtual_space_node_default_size: 8388608.
 - enlarge_chunks_in_place: 1.
 - new_chunks_are_fully_committed: 0.
 - uncommit_free_chunks: 1.
 - use_allocation_guard: 0.


Internal statistics:

num_allocs_failed_limit: 0.
num_arena_births: 24.
num_arena_deaths: 0.
num_vsnodes_births: 2.
num_vsnodes_deaths: 0.
num_space_committed: 15.
num_space_uncommitted: 0.
num_chunks_returned_to_freelist: 0.
num_chunks_taken_from_freelist: 30.
num_chunk_merges: 0.
num_chunk_splits: 19.
num_chunks_enlarged: 13.
num_inconsistent_stats: 0.

CodeHeap 'non-profiled nmethods': size=120000Kb used=94Kb max_used=94Kb free=119905Kb
 bounds [0x0000020992240000, 0x00000209924b0000, 0x0000020999770000]
CodeHeap 'profiled nmethods': size=120000Kb used=328Kb max_used=328Kb free=119671Kb
 bounds [0x000002098a770000, 0x000002098a9e0000, 0x0000020991ca0000]
CodeHeap 'non-nmethods': size=5760Kb used=1214Kb max_used=1228Kb free=4545Kb
 bounds [0x0000020991ca0000, 0x0000020991f10000, 0x0000020992240000]
 total_blobs=697 nmethods=284 adapters=324
 compilation: enabled
              stopped_count=0, restarted_count=0
 full_count=0

Compilation events (20 events):
Event: 0.492 Thread 0x00000209a0666d90 nmethod 266 0x000002098a7b9e90 code [0x000002098a7ba160, 0x000002098a7bb658]
Event: 0.497 Thread 0x00000209a0666d90  267       1       java.lang.invoke.MethodTypeForm::erasedType (5 bytes)
Event: 0.497 Thread 0x00000209a0666d90 nmethod 267 0x0000020992255e10 code [0x0000020992255fa0, 0x0000020992256058]
Event: 0.503 Thread 0x00000209a0666d90  269       1       java.net.URL::getHost (5 bytes)
Event: 0.503 Thread 0x00000209a0666d90 nmethod 269 0x0000020992256410 code [0x00000209922565a0, 0x0000020992256658]
Event: 0.504 Thread 0x00000209a0666d90  270       3       java.lang.StringLatin1::replace (198 bytes)
Event: 0.505 Thread 0x00000209a0666d90 nmethod 270 0x000002098a7bbb90 code [0x000002098a7bbe20, 0x000002098a7bcb88]
Event: 0.507 Thread 0x00000209a0660c70  271       4       java.util.Objects::requireNonNull (14 bytes)
Event: 0.508 Thread 0x00000209a0660c70 nmethod 271 0x0000020992256710 code [0x0000020992256880, 0x00000209922568f8]
Event: 0.508 Thread 0x00000209a0666d90  272       3       java.lang.StringLatin1::inflate (34 bytes)
Event: 0.509 Thread 0x00000209a0666d90 nmethod 272 0x000002098a7bd090 code [0x000002098a7bd240, 0x000002098a7bd438]
Event: 0.510 Thread 0x00000209a0666d90  273       3       java.lang.StringLatin1::toLowerCase (186 bytes)
Event: 0.512 Thread 0x00000209a0666d90 nmethod 273 0x000002098a7bd590 code [0x000002098a7bd820, 0x000002098a7be378]
Event: 0.512 Thread 0x00000209a0666d90  274       3       jdk.internal.util.Preconditions::checkFromIndexSize (25 bytes)
Event: 0.512 Thread 0x00000209a0666d90 nmethod 274 0x000002098a7be790 code [0x000002098a7be940, 0x000002098a7beb08]
Event: 0.512 Thread 0x00000209a0666d90  275       1       java.net.URL::getProtocol (5 bytes)
Event: 0.512 Thread 0x00000209a0666d90 nmethod 275 0x0000020992256a10 code [0x0000020992256ba0, 0x0000020992256c58]
Event: 0.515 Thread 0x00000209a0660c70  277       4       java.lang.String::length (11 bytes)
Event: 0.515 Thread 0x00000209a0660c70 nmethod 277 0x0000020992257310 code [0x00000209922574a0, 0x0000020992257538]
Event: 0.517 Thread 0x00000209a0660c70  278 %     4       java.lang.StringLatin1::indexOfChar @ 7 (33 bytes)

GC Heap History (0 events):
No events

Dll operation events (9 events):
Event: 0.018 Loaded shared library D:\.jdks\openjdk-19\bin\java.dll
Event: 0.036 Loaded shared library D:\.jdks\openjdk-19\bin\jsvml.dll
Event: 0.301 Loaded shared library D:\.jdks\openjdk-19\bin\zip.dll
Event: 0.309 Loaded shared library D:\.jdks\openjdk-19\bin\instrument.dll
Event: 0.322 Loaded shared library D:\.jdks\openjdk-19\bin\net.dll
Event: 0.325 Loaded shared library D:\.jdks\openjdk-19\bin\nio.dll
Event: 0.333 Loaded shared library D:\.jdks\openjdk-19\bin\zip.dll
Event: 0.398 Loaded shared library D:\IntelliJ IDEA Community Edition 2022.2.3\bin\breakgen64.dll
Event: 0.475 Loaded shared library D:\.jdks\openjdk-19\bin\extnet.dll

Deoptimization events (4 events):
Event: 0.400 Thread 0x00000209828120f0 Uncommon trap: trap_request=0xffffff45 fr.pc=0x0000020992243ac4 relative=0x00000000000000a4
Event: 0.400 Thread 0x00000209828120f0 Uncommon trap: reason=unstable_if action=reinterpret pc=0x0000020992243ac4 method=java.lang.String.isLatin1()Z @ 10 c2
Event: 0.400 Thread 0x00000209828120f0 DEOPT PACKING pc=0x0000020992243ac4 sp=0x000000543bdfec40
Event: 0.400 Thread 0x00000209828120f0 DEOPT UNPACKING pc=0x0000020991d06da3 sp=0x000000543bdfeb80 mode 2

Classes loaded (20 events):
Event: 0.493 Loading class sun/nio/ch/NativeThread
Event: 0.493 Loading class sun/nio/ch/NativeThread done
Event: 0.494 Loading class java/io/BufferedReader
Event: 0.495 Loading class java/io/BufferedReader done
Event: 0.496 Loading class java/net/Socket$SocketInputStream
Event: 0.496 Loading class java/net/Socket$SocketInputStream done
Event: 0.496 Loading class sun/nio/ch/NioSocketImpl$1
Event: 0.496 Loading class sun/nio/ch/NioSocketImpl$1 done
Event: 0.497 Loading class sun/nio/cs/StreamDecoder
Event: 0.498 Loading class sun/nio/cs/StreamDecoder done
Event: 0.498 Loading class sun/nio/cs/US_ASCII$Decoder
Event: 0.499 Loading class sun/nio/cs/US_ASCII$Decoder done
Event: 0.499 Loading class sun/nio/ch/Util
Event: 0.499 Loading class sun/nio/ch/Util done
Event: 0.499 Loading class sun/nio/ch/Util$1
Event: 0.500 Loading class sun/nio/ch/Util$1 done
Event: 0.500 Loading class sun/nio/ch/Util$BufferCache
Event: 0.500 Loading class sun/nio/ch/Util$BufferCache done
Event: 0.500 Loading class java/nio/DirectByteBuffer$Deallocator
Event: 0.500 Loading class java/nio/DirectByteBuffer$Deallocator done

Classes unloaded (0 events):
No events

Classes redefined (0 events):
No events

Internal exceptions (3 events):
Event: 0.344 Thread 0x00000209828120f0 Exception <a 'java/lang/NoSuchMethodError'{0x0000000089553f40}: 'void java.lang.invoke.DirectMethodHandle$Holder.invokeStatic(java.lang.Object, java.lang.Object, java.lang.Object)'> (0x0000000089553f40) 
thrown [s\open\src\hotspot\share\interpreter\linkResolver.cpp, line 774]
Event: 0.377 Thread 0x00000209828120f0 Exception <a 'java/lang/NoSuchMethodError'{0x000000008956c538}: 'java.lang.Object java.lang.invoke.Invokers$Holder.invokeExact_MT(java.lang.Object, java.lang.Object, java.lang.Object, java.lang.Object, java.lang.Object)'> (0x000000008956c538) 
thrown [s\open\src\hotspot\share\interpreter\linkResolver.cpp, line 774]
Event: 0.483 Thread 0x00000209a49dd370 Exception <a 'java/lang/NoSuchMethodError'{0x000000008958d198}: 'void java.lang.invoke.DirectMethodHandle$Holder.invokeStatic(java.lang.Object, java.lang.Object)'> (0x000000008958d198) 
thrown [s\open\src\hotspot\share\interpreter\linkResolver.cpp, line 774]

VM Operations (4 events):
Event: 0.236 Executing VM operation: HandshakeAllThreads
Event: 0.236 Executing VM operation: HandshakeAllThreads done
Event: 0.451 Executing VM operation: HandshakeAllThreads
Event: 0.452 Executing VM operation: HandshakeAllThreads done

Events (13 events):
Event: 0.037 Thread 0x00000209828120f0 Thread added: 0x00000209828120f0
Event: 0.063 Thread 0x00000209a06578b0 Thread added: 0x00000209a06578b0
Event: 0.063 Thread 0x00000209a06586a0 Thread added: 0x00000209a06586a0
Event: 0.064 Thread 0x00000209a065a1e0 Thread added: 0x00000209a065a1e0
Event: 0.064 Thread 0x00000209a065cb20 Thread added: 0x00000209a065cb20
Event: 0.064 Thread 0x00000209a065d450 Thread added: 0x00000209a065d450
Event: 0.065 Thread 0x00000209a065fd90 Thread added: 0x00000209a065fd90
Event: 0.065 Thread 0x00000209a0660c70 Thread added: 0x00000209a0660c70
Event: 0.066 Thread 0x00000209a0666d90 Thread added: 0x00000209a0666d90
Event: 0.066 Thread 0x00000209a067fff0 Thread added: 0x00000209a067fff0
Event: 0.208 Thread 0x00000209a0627da0 Thread added: 0x00000209a0627da0
Event: 0.399 Thread 0x00000209a49dd370 Thread added: 0x00000209a49dd370
Event: 0.399 Thread 0x00000209a49dd8b0 Thread added: 0x00000209a49dd8b0


Dynamic libraries:
0x00007ff699d70000 - 0x00007ff699d7e000 	D:\.jdks\openjdk-19\bin\java.exe
0x00007ffdce250000 - 0x00007ffdce448000 	C:\WINDOWS\SYSTEM32\ntdll.dll
0x00007ffdcd180000 - 0x00007ffdcd23d000 	C:\WINDOWS\System32\KERNEL32.DLL
0x00007ffdcbb20000 - 0x00007ffdcbdee000 	C:\WINDOWS\System32\KERNELBASE.dll
0x00007ffdcbe90000 - 0x00007ffdcbf90000 	C:\WINDOWS\System32\ucrtbase.dll
0x00007ffdad3e0000 - 0x00007ffdad3fb000 	D:\.jdks\openjdk-19\bin\VCRUNTIME140.dll
0x00007ffdb5330000 - 0x00007ffdb5347000 	D:\.jdks\openjdk-19\bin\jli.dll
0x00007ffdcdd50000 - 0x00007ffdcdef0000 	C:\WINDOWS\System32\USER32.dll
0x00007ffdcbf90000 - 0x00007ffdcbfb2000 	C:\WINDOWS\System32\win32u.dll
0x00007ffdcc7e0000 - 0x00007ffdcc80a000 	C:\WINDOWS\System32\GDI32.dll
0x00007ffdcbff0000 - 0x00007ffdcc0fb000 	C:\WINDOWS\System32\gdi32full.dll
0x00007ffdcbdf0000 - 0x00007ffdcbe8d000 	C:\WINDOWS\System32\msvcp_win.dll
0x00007ffdb8790000 - 0x00007ffdb8a2a000 	C:\WINDOWS\WinSxS\amd64_microsoft.windows.common-controls_6595b64144ccf1df_6.0.19041.1110_none_60b5254171f9507e\COMCTL32.dll
0x00007ffdcdc30000 - 0x00007ffdcdcce000 	C:\WINDOWS\System32\msvcrt.dll
0x00007ffdcc8d0000 - 0x00007ffdcc900000 	C:\WINDOWS\System32\IMM32.DLL
0x00007ffdb5320000 - 0x00007ffdb532c000 	D:\.jdks\openjdk-19\bin\vcruntime140_1.dll
0x00007ffd79a60000 - 0x00007ffd79aee000 	D:\.jdks\openjdk-19\bin\msvcp140.dll
0x00007ffd62d30000 - 0x00007ffd639f0000 	D:\.jdks\openjdk-19\bin\server\jvm.dll
0x00007ffdcd810000 - 0x00007ffdcd8be000 	C:\WINDOWS\System32\ADVAPI32.dll
0x00007ffdcc740000 - 0x00007ffdcc7dc000 	C:\WINDOWS\System32\sechost.dll
0x00007ffdcc610000 - 0x00007ffdcc735000 	C:\WINDOWS\System32\RPCRT4.dll
0x00007ffdc2fa0000 - 0x00007ffdc2fa9000 	C:\WINDOWS\SYSTEM32\WSOCK32.dll
0x00007ffdcda10000 - 0x00007ffdcda7b000 	C:\WINDOWS\System32\WS2_32.dll
0x00007ffdb11e0000 - 0x00007ffdb1207000 	C:\WINDOWS\SYSTEM32\WINMM.dll
0x00007ffdc0300000 - 0x00007ffdc030a000 	C:\WINDOWS\SYSTEM32\VERSION.dll
0x00007ffdc98a0000 - 0x00007ffdc98b2000 	C:\WINDOWS\SYSTEM32\kernel.appcore.dll
0x00007ffdaffa0000 - 0x00007ffdaffaa000 	D:\.jdks\openjdk-19\bin\jimage.dll
0x00007ffdb83c0000 - 0x00007ffdb85a4000 	C:\WINDOWS\SYSTEM32\DBGHELP.DLL
0x00007ffdb8320000 - 0x00007ffdb834c000 	C:\WINDOWS\SYSTEM32\dbgcore.DLL
0x00007ffdcc100000 - 0x00007ffdcc182000 	C:\WINDOWS\System32\bcryptPrimitives.dll
0x00007ffda3de0000 - 0x00007ffda3dee000 	D:\.jdks\openjdk-19\bin\instrument.dll
0x00007ffd98100000 - 0x00007ffd98126000 	D:\.jdks\openjdk-19\bin\java.dll
0x00007ffd796f0000 - 0x00007ffd797c7000 	D:\.jdks\openjdk-19\bin\jsvml.dll
0x00007ffdcca30000 - 0x00007ffdcd173000 	C:\WINDOWS\System32\SHELL32.dll
0x00007ffdc9a60000 - 0x00007ffdca1f5000 	C:\WINDOWS\SYSTEM32\windows.storage.dll
0x00007ffdcc2b0000 - 0x00007ffdcc604000 	C:\WINDOWS\System32\combase.dll
0x00007ffdcb300000 - 0x00007ffdcb330000 	C:\WINDOWS\SYSTEM32\Wldp.dll
0x00007ffdce070000 - 0x00007ffdce11d000 	C:\WINDOWS\System32\SHCORE.dll
0x00007ffdce120000 - 0x00007ffdce175000 	C:\WINDOWS\System32\shlwapi.dll
0x00007ffdcb8b0000 - 0x00007ffdcb8cf000 	C:\WINDOWS\SYSTEM32\profapi.dll
0x00007ffd9ee70000 - 0x00007ffd9ee88000 	D:\.jdks\openjdk-19\bin\zip.dll
0x00007ffda9b80000 - 0x00007ffda9b93000 	D:\.jdks\openjdk-19\bin\net.dll
0x00007ffdc1a70000 - 0x00007ffdc1b7a000 	C:\WINDOWS\SYSTEM32\WINHTTP.dll
0x00007ffdcb060000 - 0x00007ffdcb0ca000 	C:\WINDOWS\system32\mswsock.dll
0x00007ffda4d30000 - 0x00007ffda4d46000 	D:\.jdks\openjdk-19\bin\nio.dll
0x00007ffd96ad0000 - 0x00007ffd96aea000 	D:\IntelliJ IDEA Community Edition 2022.2.3\bin\breakgen64.dll
0x00007ffdade00000 - 0x00007ffdade08000 	D:\.jdks\openjdk-19\bin\extnet.dll

dbghelp: loaded successfully - version: 4.0.5 - missing functions: none
symbol engine: initialized successfully - sym options: 0x614 - pdb path: .;D:\.jdks\openjdk-19\bin;C:\WINDOWS\SYSTEM32;C:\WINDOWS\WinSxS\amd64_microsoft.windows.common-controls_6595b64144ccf1df_6.0.19041.1110_none_60b5254171f9507e;D:\.jdks\openjdk-19\bin\server;D:\IntelliJ IDEA Community Edition 2022.2.3\bin

VM Arguments:
jvm_args: -ea -Didea.test.cyclic.buffer.size=1048576 -javaagent:D:\IntelliJ IDEA Community Edition 2022.2.3\lib\idea_rt.jar=53749:D:\IntelliJ IDEA Community Edition 2022.2.3\bin -Dfile.encoding=UTF-8 -Dsun.stdout.encoding=UTF-8 -Dsun.stderr.encoding=UTF-8 
java_command: com.intellij.rt.junit.JUnitStarter -ideVersion5 -junit5 MathUtilTest,test1
java_class_path (initial): C:\Users\Duc Dam\.m2\repository\org\junit\platform\junit-platform-launcher\1.6.2\junit-platform-launcher-1.6.2.jar;D:\IntelliJ IDEA Community Edition 2022.2.3\lib\idea_rt.jar;D:\IntelliJ IDEA Community Edition 2022.2.3\plugins\junit\lib\junit5-rt.jar;D:\IntelliJ IDEA Community Edition 2022.2.3\plugins\junit\lib\junit-rt.jar;D:\IdeaProjects\StudentAssessment\target\test-classes;D:\IdeaProjects\StudentAssessment\target\classes;C:\Users\Duc Dam\.m2\repository\org\apache\maven\plugins\maven-compiler-plugin\3.8.1\maven-compiler-plugin-3.8.1.jar;C:\Users\Duc Dam\.m2\repository\org\apache\maven\maven-plugin-api\3.0\maven-plugin-api-3.0.jar;C:\Users\Duc Dam\.m2\repository\org\apache\maven\maven-model\3.0\maven-model-3.0.jar;C:\Users\Duc Dam\.m2\repository\org\sonatype\sisu\sisu-inject-plexus\1.4.2\sisu-inject-plexus-1.4.2.jar;C:\Users\Duc Dam\.m2\repository\org\sonatype\sisu\sisu-inject-bean\1.4.2\sisu-inject-bean-1.4.2.jar;C:\Users\Duc Dam\.m2\repository\org\sonatype\sisu\sisu-guice\2.1.7\sisu-guice-2.1.7-noaop.jar;C:\Users\Duc Dam\.m2\repository\org\apache\maven\maven-artifact\3.0\maven-artifact-3.0.jar;C:\Users\Duc Dam\.m2\repository\org\codehaus\plexus\plexus-utils\2.0.4\plexus-utils-2.0.4.jar;C:\Users\Duc Dam\.m2\repository\org\apache\maven\maven-core\3.0\maven-core-3.0.jar;C:\Users\Duc Dam\.m2\repository\org\apache\maven\maven-settings\3.0\maven-settings-3.0.jar;C:\Users\Duc Dam\.m2\repository\org\apache\maven\maven-settings-builder\3.0\maven-settings-builder-3.0.jar;C:\Users\Duc Dam\.m2\repository\org\apache\maven\maven-repository-metadata\3.0\maven-repository-metadata-3.0.jar;C:\Users\Duc Dam\.m2\repository\org\apache\maven\maven-model-builder\3.0\maven-model-builder-3.0.jar;C:\Users\Duc Dam\.m2\repository\org\apache\maven\maven-aether-provider\3.0\maven-aether-provider-3.0.jar;C:\Users\Duc Dam\.m2\repository\org\sonatype\aether\aether-impl\1.7\aether-impl-1.7.jar;C:\Users\Duc Dam\.m2\repository\org\sonatype\aether\aether-spi\1.7\aether-spi-1.7.jar;C:\Users\Duc Dam\.m2\repository\org\sonatype\aether\aether-api\1.7\aether-api-1.7.jar;C:\Users\Duc Dam\.m2\repository\org\sonatype\aether\aether-util\1.7\aether-util-1.7.jar;C:\Users\Duc Dam\.m2\repository\org\codehaus\plexus\plexus-interpolation\1.14\plexus-interpolation-1.14.jar;C:\Users\Duc Dam\.m2\repository\org\codehaus\plexus\plexus-classworlds\2.2.3\plexus-classworlds-2.2.3.jar;C:\Users\Duc Dam\.m2\repository\org\codehaus\plexus\plexus-component-annotations\1.5.5\plexus-component-annotations-1.5.5.jar;C:\Users\Duc Dam\.m2\repository\org\sonatype\plexus\plexus-sec-dispatcher\1.3\plexus-sec-dispatcher-1.3.jar;C:\Users\Duc Dam\.m2\repository\org\sonatype\plexus\plexus-cipher\1.4\plexus-cipher-1.4.jar;C:\Users\Duc Dam\.m2\repository\org\apache\maven\shared\maven-shared-utils\3.2.1\maven-shared-utils-3.2.1.jar;C:\Users\Duc Dam\.m2\repository\commons-io\commons-io\2.5\commons-io-2.5.jar;C:\Users\Duc Dam\.m2\repository\org\apache\maven\shared\maven-shared-incremental\1.1\maven-shared-incremental-1.1.jar;C:\Users\Duc Dam\.m2\repository\org\codehaus\plexus\plexus-java\0.9.10\plexus-java-0.9.10.jar;C:\Users\Duc Dam\.m2\repository\org\ow2\asm\asm\6.2\asm-6.2.jar;C:\Users\Duc Dam\.m2\repository\com\thoughtworks\qdox\qdox\2.0-M8\qdox-2.0-M8.jar;C:\Users\Duc Dam\.m2\repository\org\codehaus\plexus\plexus-compiler-api\2.8.4\plexus-compiler-api-2.8.4.jar;C:\Users\Duc Dam\.m2\repository\org\codehaus\plexus\plexus-compiler-manager\2.8.4\plexus-compiler-manager-2.8.4.jar;C:\Users\Duc Dam\.m2\repository\org\codehaus\plexus\plexus-compiler-javac\2.8.4\plexus-compiler-javac-2.8.4.jar;C:\Users\Duc Dam\.m2\repository\org\junit\jupiter\junit-jupiter-engine\5.6.2\junit-jupiter-engine-5.6.2.jar;C:\Users\Duc Dam\.m2\repository\org\apiguardian\apiguardian-api\1.1.0\apiguardian-api-1.1.0.jar;C:\Users\Duc Dam\.m2\repository\org\junit\platform\junit-platform-engine\1.6.2\junit-platform-engine-1.6.2.jar;C:\Users\Duc Dam\.m2\repository\org\junit\jupiter\junit-jupiter-params\5.6.2\junit-jupiter-params-5.6.2.jar;C:\Users\Duc Dam\.m2\repository\org\junit\jupiter\junit-jupiter-api\5.6.2\junit-jupiter-api-5.6.2.jar;C:\Users\Duc Dam\.m2\repository\org\opentest4j\opentest4j\1.2.0\opentest4j-1.2.0.jar;C:\Users\Duc Dam\.m2\repository\org\junit\platform\junit-platform-commons\1.6.2\junit-platform-commons-1.6.2.jar
Launcher Type: SUN_STANDARD

[Global flags]
     intx CICompilerCount                          = 3                                         {product} {ergonomic}
     uint ConcGCThreads                            = 1                                         {product} {ergonomic}
     uint G1ConcRefinementThreads                  = 4                                         {product} {ergonomic}
   size_t G1HeapRegionSize                         = 1048576                                   {product} {ergonomic}
    uintx GCDrainStackTargetSize                   = 64                                        {product} {ergonomic}
   size_t InitialHeapSize                          = 134217728                                 {product} {ergonomic}
   size_t MarkStackSize                            = 4194304                                   {product} {ergonomic}
   size_t MaxHeapSize                              = 2122317824                                {product} {ergonomic}
   size_t MaxNewSize                               = 1272971264                                {product} {ergonomic}
   size_t MinHeapDeltaBytes                        = 1048576                                   {product} {ergonomic}
   size_t MinHeapSize                              = 8388608                                   {product} {ergonomic}
    uintx NonNMethodCodeHeapSize                   = 5832780                                {pd product} {ergonomic}
    uintx NonProfiledCodeHeapSize                  = 122912730                              {pd product} {ergonomic}
    uintx ProfiledCodeHeapSize                     = 122912730                              {pd product} {ergonomic}
    uintx ReservedCodeCacheSize                    = 251658240                              {pd product} {ergonomic}
     bool SegmentedCodeCache                       = true                                      {product} {ergonomic}
   size_t SoftMaxHeapSize                          = 2122317824                             {manageable} {ergonomic}
     bool UseCompressedClassPointers               = true                           {product lp64_product} {ergonomic}
     bool UseCompressedOops                        = true                           {product lp64_product} {ergonomic}
     bool UseG1GC                                  = true                                      {product} {ergonomic}
     bool UseLargePagesIndividualAllocation        = false                                  {pd product} {ergonomic}

Logging:
Log output configuration:
 #0: stdout all=warning uptime,level,tags foldmultilines=false
 #1: stderr all=off uptime,level,tags foldmultilines=false

Environment Variables:
PATH=C:\WINDOWS\system32;C:\WINDOWS;C:\WINDOWS\System32\Wbem;C:\WINDOWS\System32\WindowsPowerShell\v1.0\;C:\WINDOWS\System32\OpenSSH\;C:\Program Files\Git\cmd;D:\flutter_windows_3.3.2-stable\flutter\bin;C:\Users\Duc Dam\AppData\Local\Microsoft\WindowsApps;C:\Users\Duc Dam\AppData\Local\Programs\Microsoft VS Code\bin;
USERNAME=Duc Dam
OS=Windows_NT
PROCESSOR_IDENTIFIER=Intel64 Family 6 Model 61 Stepping 4, GenuineIntel
TMP=C:\Users\DUCDAM~1\AppData\Local\Temp
TEMP=C:\Users\DUCDAM~1\AppData\Local\Temp



---------------  S Y S T E M  ---------------

OS:
 Windows 10 , 64 bit Build 19041 (10.0.19041.1889)
OS uptime: 4 days 16:17 hours

CPU: total 4 (initial active 4) (2 cores per cpu, 2 threads per core) family 6 model 61 stepping 4 microcode 0x2d, cx8, cmov, fxsr, ht, mmx, 3dnowpref, sse, sse2, sse3, ssse3, sse4.1, sse4.2, popcnt, lzcnt, tsc, tscinvbit, avx, avx2, aes, erms, clmul, bmi1, bmi2, rtm, adx, fma, vzeroupper, clflush, rdtscp

Memory: 4k page, system-wide physical 8094M (1338M free)
TotalPageFile size 9568M (AvailPageFile size 4M)
current process WorkingSet (physical memory assigned to process): 36M, peak: 36M
current process commit charge ("private bytes"): 205M, peak: 205M

vm_info: OpenJDK 64-Bit Server VM (19+36-2238) for windows-amd64 JRE (19+36-2238), built on 2022-08-12T20:29:01Z by "mach5one" with MS VC++ 17.1 (VS2022)

END.
